[16-04-2017 07:17:02] PayPal\Core\PayPalHttpConnection : INFO: POST https://api.sandbox.paypal.com/v1/oauth2/token
[16-04-2017 07:17:03] PayPal\Core\PayPalHttpConnection : INFO: Invalid or no certificate authority found - Retrying using bundled CA certs file
[16-04-2017 07:17:03] PayPal\Core\PayPalHttpConnection : DEBUG: Request Headers 	: POST /v1/oauth2/token HTTP/1.1, Host: api.sandbox.paypal.com, User-Agent: PayPalSDK/PayPal-PHP-SDK 1.11.0 (platform-ver=7.0.15; bit=32; os=Windows_NT_10.0; machine=i586; crypto-lib-ver=1.0.2j; curl=7.51.0), Authorization: Basic Og==, Accept: */*, Content-Length: 29, Content-Type: application/x-www-form-urlencoded, , 
[16-04-2017 07:17:03] PayPal\Core\PayPalHttpConnection : DEBUG: Request Data		: grant_type=client_credentials
--------------------------------------------------------------------------------------------------------------------------------

[16-04-2017 07:17:03] PayPal\Core\PayPalHttpConnection : INFO: Response Status 	: 401
[16-04-2017 07:17:03] PayPal\Core\PayPalHttpConnection : DEBUG: Response Headers	: HTTP/1.1 401 Unauthorized, Date: Sun, 16 Apr 2017 17:17:07 GMT, Server: Apache, paypal-debug-id: 41994121a4ce4, X-PAYPAL-TOKEN-SERVICE: IAAS, Paypal-Debug-Id: 41994121a4ce4, Set-Cookie: X-PP-SILOVER=name%3DSANDBOX3.API.1%26silo_version%3D1880%26app%3Dplatformapiserv%26TIME%3D329773912%26HTTP_X_PP_AZ_LOCATOR%3D; Expires=Sun, 16 Apr 2017 17:47:07 GMT; domain=.paypal.com; path=/; Secure; HttpOnly, Set-Cookie: X-PP-SILOVER=; Expires=Thu, 01 Jan 1970 00:00:01 GMT, Vary: Authorization, Content-Length: 77, Connection: close, Content-Type: application/json, , 
[16-04-2017 07:17:03] PayPal\Core\PayPalHttpConnection : ERROR: Got Http response code 401 when accessing https://api.sandbox.paypal.com/v1/oauth2/token. {"error":"invalid_client","error_description":"Client Authentication failed"}
[16-04-2017 07:17:03] PayPal\Core\PayPalHttpConnection : DEBUG: 

================================================================================================================================

[16-04-2017 07:17:43] PayPal\Core\PayPalHttpConnection : INFO: POST https://api.sandbox.paypal.com/v1/oauth2/token
[16-04-2017 07:17:44] PayPal\Core\PayPalHttpConnection : INFO: Invalid or no certificate authority found - Retrying using bundled CA certs file
[16-04-2017 07:17:46] PayPal\Core\PayPalHttpConnection : DEBUG: Request Headers 	: POST /v1/oauth2/token HTTP/1.1, Host: api.sandbox.paypal.com, User-Agent: PayPalSDK/PayPal-PHP-SDK 1.11.0 (platform-ver=7.0.15; bit=32; os=Windows_NT_10.0; machine=i586; crypto-lib-ver=1.0.2j; curl=7.51.0), Authorization: Basic QVdJcEl6ZUxxOWVSbXdESjM1aF85c19ZcVMwaVpUS0ZRVnlZSjU5VE5keE4tSTliRkZ0b1pEQTRSdENPcVlXa3NhcTdCSGFqRWlaRWZ2UWY6RUhraFZVeUc3RzhxdnVmUzJfQjRYUXJPaFlJUTh1b1hnQ2V2NDhaQ29EX0tZZzlSMW5Ra2w3cDJFSVlmXy1vZW54ZjdMSlF4anpxdGhLLTA=, Accept: */*, Content-Length: 29, Content-Type: application/x-www-form-urlencoded, , 
[16-04-2017 07:17:46] PayPal\Core\PayPalHttpConnection : DEBUG: Request Data		: grant_type=client_credentials
--------------------------------------------------------------------------------------------------------------------------------

[16-04-2017 07:17:46] PayPal\Core\PayPalHttpConnection : INFO: Response Status 	: 200
[16-04-2017 07:17:46] PayPal\Core\PayPalHttpConnection : DEBUG: Response Headers	: HTTP/1.1 200 OK, Date: Sun, 16 Apr 2017 17:17:49 GMT, Server: Apache, paypal-debug-id: 365b12d96a44e, X-PAYPAL-TOKEN-SERVICE: IAAS, Paypal-Debug-Id: 365b12d96a44e, Set-Cookie: X-PP-SILOVER=name%3DSANDBOX3.API.1%26silo_version%3D1880%26app%3Dplatformapiserv%26TIME%3D1034416984%26HTTP_X_PP_AZ_LOCATOR%3D; Expires=Sun, 16 Apr 2017 17:47:49 GMT; domain=.paypal.com; path=/; Secure; HttpOnly, Set-Cookie: X-PP-SILOVER=; Expires=Thu, 01 Jan 1970 00:00:01 GMT, Vary: Authorization, Content-Length: 550, Connection: close, Content-Type: application/json, , 
[16-04-2017 07:17:46] PayPal\Core\PayPalHttpConnection : DEBUG: Response Data 	: {"scope":"https://uri.paypal.com/services/subscriptions https://api.paypal.com/v1/payments/.* https://api.paypal.com/v1/vault/credit-card https://uri.paypal.com/services/applications/webhooks openid https://uri.paypal.com/payments/payouts https://api.paypal.com/v1/vault/credit-card/.*","nonce":"2017-04-16T17:17:49ZhM0GbY--Pe6UjJ_cgyVy8UTigtMqQGFibGSQTw5Yr00","access_token":"A21AAHngBpvvR4ZffA__gdkM5mi8g8GMmBDQS8p8PXBNMehQqA1NqjJKC8o6TcVp08QAl1gYlJT8aUwhsVAuIxVnySChk99-g","token_type":"Bearer","app_id":"APP-80W284485P519543T","expires_in":32400}

================================================================================================================================

[16-04-2017 07:17:46] PayPal\Core\PayPalHttpConnection : INFO: POST https://api.sandbox.paypal.com/v1/payments/payment
[16-04-2017 07:17:46] PayPal\Core\PayPalHttpConnection : INFO: Invalid or no certificate authority found - Retrying using bundled CA certs file
[16-04-2017 07:17:47] PayPal\Core\PayPalHttpConnection : DEBUG: Request Headers 	: POST /v1/payments/payment HTTP/1.1, Host: api.sandbox.paypal.com, Accept: */*, Content-Type: application/json, User-Agent: PayPalSDK/PayPal-PHP-SDK 1.11.0 (platform-ver=7.0.15; bit=32; os=Windows_NT_10.0; machine=i586; crypto-lib-ver=1.0.2j; curl=7.51.0), Authorization: Bearer A21AAHngBpvvR4ZffA__gdkM5mi8g8GMmBDQS8p8PXBNMehQqA1NqjJKC8o6TcVp08QAl1gYlJT8aUwhsVAuIxVnySChk99-g, Content-Length: 597, , 
[16-04-2017 07:17:47] PayPal\Core\PayPalHttpConnection : DEBUG: Request Data		: {"intent":"sale","payer":{"payment_method":"paypal"},"redirect_urls":{"return_url":"http://localhost/tuto-paypal-linio/paypal-sdk/success.php?success=true","cancel_url":"http://localhost/tuto-paypal-linio/paypal-sdk/success.php?success=false"},"transactions":[{"amount":{"currency":"USD","total":"7.82","details":{"shipping":"0","tax":"0","subtotal":"7.82"}},"item_list":{"items":[{"name":"Item One","currency":"USD","quantity":"2","sku":"sku01","price":"9.98"},{"name":"Item Two","currency":"USD","quantity":"1","sku":"sku02","price":"2.83"}]},"description":"","invoice_number":"58f3a737ec1a8"}]}
--------------------------------------------------------------------------------------------------------------------------------

[16-04-2017 07:17:47] PayPal\Core\PayPalHttpConnection : INFO: Response Status 	: 400
[16-04-2017 07:17:47] PayPal\Core\PayPalHttpConnection : DEBUG: Response Headers	: HTTP/1.1 400 Bad Request, Date: Sun, 16 Apr 2017 17:17:51 GMT, Server: Apache, paypal-debug-id: 16d1a2eb8d818, Content-Language: *, Connection: close, Paypal-Debug-Id: 16d1a2eb8d818, Set-Cookie: X-PP-SILOVER=name%3DSANDBOX3.API.1%26silo_version%3D1880%26app%3Dplatformapiserv%26TIME%3D1067971416%26HTTP_X_PP_AZ_LOCATOR%3D; Expires=Sun, 16 Apr 2017 17:47:51 GMT; domain=.paypal.com; path=/; Secure; HttpOnly, Set-Cookie: X-PP-SILOVER=; Expires=Thu, 01 Jan 1970 00:00:01 GMT, Vary: Authorization, Content-Length: 318, Content-Type: application/json, , 
[16-04-2017 07:17:47] PayPal\Core\PayPalHttpConnection : ERROR: Got Http response code 400 when accessing https://api.sandbox.paypal.com/v1/payments/payment. {"name":"VALIDATION_ERROR","details":[{"field":"transactions[0]","issue":"Item amount must add up to specified amount subtotal (or total if amount details not specified)"}],"message":"Invalid request - see details","information_link":"https://developer.paypal.com/docs/api/payments/#errors","debug_id":"16d1a2eb8d818"}
[16-04-2017 07:17:47] PayPal\Core\PayPalHttpConnection : DEBUG: 

================================================================================================================================

[16-04-2017 07:25:22] PayPal\Core\PayPalHttpConnection : INFO: POST https://api.sandbox.paypal.com/v1/payments/payment
[16-04-2017 07:25:23] PayPal\Core\PayPalHttpConnection : INFO: Invalid or no certificate authority found - Retrying using bundled CA certs file
[16-04-2017 07:25:25] PayPal\Core\PayPalHttpConnection : DEBUG: Request Headers 	: POST /v1/payments/payment HTTP/1.1, Host: api.sandbox.paypal.com, Accept: */*, Content-Type: application/json, User-Agent: PayPalSDK/PayPal-PHP-SDK 1.11.0 (platform-ver=7.0.15; bit=32; os=Windows_NT_10.0; machine=i586; crypto-lib-ver=1.0.2j; curl=7.51.0), Authorization: Bearer A21AAHngBpvvR4ZffA__gdkM5mi8g8GMmBDQS8p8PXBNMehQqA1NqjJKC8o6TcVp08QAl1gYlJT8aUwhsVAuIxVnySChk99-g, Content-Length: 597, , 
[16-04-2017 07:25:25] PayPal\Core\PayPalHttpConnection : DEBUG: Request Data		: {"intent":"sale","payer":{"payment_method":"paypal"},"redirect_urls":{"return_url":"http://localhost/tuto-paypal-linio/paypal-sdk/success.php?success=true","cancel_url":"http://localhost/tuto-paypal-linio/paypal-sdk/success.php?success=false"},"transactions":[{"amount":{"currency":"USD","total":"7.82","details":{"shipping":"0","tax":"0","subtotal":"7.82"}},"item_list":{"items":[{"name":"Item One","currency":"USD","quantity":"2","sku":"sku01","price":"9.98"},{"name":"Item Two","currency":"USD","quantity":"1","sku":"sku02","price":"2.83"}]},"description":"","invoice_number":"58f3a902d4a60"}]}
--------------------------------------------------------------------------------------------------------------------------------

[16-04-2017 07:25:25] PayPal\Core\PayPalHttpConnection : INFO: Response Status 	: 400
[16-04-2017 07:25:25] PayPal\Core\PayPalHttpConnection : DEBUG: Response Headers	: HTTP/1.1 400 Bad Request, Date: Sun, 16 Apr 2017 17:25:28 GMT, Server: Apache, paypal-debug-id: 3647a7917fc96, Content-Language: *, Connection: close, Paypal-Debug-Id: 3647a7917fc96, Set-Cookie: X-PP-SILOVER=name%3DSANDBOX3.API.1%26silo_version%3D1880%26app%3Dplatformapiserv%26TIME%3D145355608%26HTTP_X_PP_AZ_LOCATOR%3D; Expires=Sun, 16 Apr 2017 17:55:28 GMT; domain=.paypal.com; path=/; Secure; HttpOnly, Set-Cookie: X-PP-SILOVER=; Expires=Thu, 01 Jan 1970 00:00:01 GMT, Vary: Authorization, Content-Length: 318, Content-Type: application/json, , 
[16-04-2017 07:25:25] PayPal\Core\PayPalHttpConnection : ERROR: Got Http response code 400 when accessing https://api.sandbox.paypal.com/v1/payments/payment. {"name":"VALIDATION_ERROR","details":[{"field":"transactions[0]","issue":"Item amount must add up to specified amount subtotal (or total if amount details not specified)"}],"message":"Invalid request - see details","information_link":"https://developer.paypal.com/docs/api/payments/#errors","debug_id":"3647a7917fc96"}
[16-04-2017 07:25:25] PayPal\Core\PayPalHttpConnection : DEBUG: 

================================================================================================================================

[16-04-2017 07:28:01] PayPal\Core\PayPalHttpConnection : INFO: POST https://api.sandbox.paypal.com/v1/payments/payment
[16-04-2017 07:28:01] PayPal\Core\PayPalHttpConnection : INFO: Invalid or no certificate authority found - Retrying using bundled CA certs file
[16-04-2017 07:28:03] PayPal\Core\PayPalHttpConnection : DEBUG: Request Headers 	: POST /v1/payments/payment HTTP/1.1, Host: api.sandbox.paypal.com, Accept: */*, Content-Type: application/json, User-Agent: PayPalSDK/PayPal-PHP-SDK 1.11.0 (platform-ver=7.0.15; bit=32; os=Windows_NT_10.0; machine=i586; crypto-lib-ver=1.0.2j; curl=7.51.0), Authorization: Bearer A21AAHngBpvvR4ZffA__gdkM5mi8g8GMmBDQS8p8PXBNMehQqA1NqjJKC8o6TcVp08QAl1gYlJT8aUwhsVAuIxVnySChk99-g, Content-Length: 597, , 
[16-04-2017 07:28:03] PayPal\Core\PayPalHttpConnection : DEBUG: Request Data		: {"intent":"sale","payer":{"payment_method":"paypal"},"redirect_urls":{"return_url":"http://localhost/tuto-paypal-linio/paypal-sdk/success.php?success=true","cancel_url":"http://localhost/tuto-paypal-linio/paypal-sdk/success.php?success=false"},"transactions":[{"amount":{"currency":"USD","total":"7.82","details":{"shipping":"0","tax":"0","subtotal":"7.82"}},"item_list":{"items":[{"name":"Item One","currency":"USD","quantity":"2","sku":"sku01","price":"9.98"},{"name":"Item Two","currency":"USD","quantity":"1","sku":"sku02","price":"2.83"}]},"description":"","invoice_number":"58f3a9a14eac4"}]}
--------------------------------------------------------------------------------------------------------------------------------

[16-04-2017 07:28:03] PayPal\Core\PayPalHttpConnection : INFO: Response Status 	: 400
[16-04-2017 07:28:03] PayPal\Core\PayPalHttpConnection : DEBUG: Response Headers	: HTTP/1.1 400 Bad Request, Date: Sun, 16 Apr 2017 17:28:06 GMT, Server: Apache, paypal-debug-id: a26003bcbe3cd, Content-Language: *, Connection: close, Paypal-Debug-Id: a26003bcbe3cd, Set-Cookie: X-PP-SILOVER=name%3DSANDBOX3.API.1%26silo_version%3D1880%26app%3Dplatformapiserv%26TIME%3D2796155736%26HTTP_X_PP_AZ_LOCATOR%3D; Expires=Sun, 16 Apr 2017 17:58:06 GMT; domain=.paypal.com; path=/; Secure; HttpOnly, Set-Cookie: X-PP-SILOVER=; Expires=Thu, 01 Jan 1970 00:00:01 GMT, Vary: Authorization, Content-Length: 318, Content-Type: application/json, , 
[16-04-2017 07:28:03] PayPal\Core\PayPalHttpConnection : ERROR: Got Http response code 400 when accessing https://api.sandbox.paypal.com/v1/payments/payment. {"name":"VALIDATION_ERROR","details":[{"field":"transactions[0]","issue":"Item amount must add up to specified amount subtotal (or total if amount details not specified)"}],"message":"Invalid request - see details","information_link":"https://developer.paypal.com/docs/api/payments/#errors","debug_id":"a26003bcbe3cd"}
[16-04-2017 07:28:03] PayPal\Core\PayPalHttpConnection : DEBUG: 

================================================================================================================================

[16-04-2017 10:57:28] PayPal\Core\PayPalHttpConnection : INFO: POST https://api.paypal.com/v1/payments/payment
[16-04-2017 10:57:28] PayPal\Core\PayPalHttpConnection : INFO: Invalid or no certificate authority found - Retrying using bundled CA certs file
[16-04-2017 10:57:29] PayPal\Core\PayPalHttpConnection : INFO: Response Status 	: 401
[16-04-2017 10:57:29] PayPal\Core\PayPalHttpConnection : ERROR: Got Http response code 401 when accessing https://api.paypal.com/v1/payments/payment. 
[16-04-2017 11:04:52] PayPal\Core\PayPalHttpConnection : INFO: POST https://api.sandbox.paypal.com/v1/payments/payment
[16-04-2017 11:04:52] PayPal\Core\PayPalHttpConnection : INFO: Invalid or no certificate authority found - Retrying using bundled CA certs file
[16-04-2017 11:04:54] PayPal\Core\PayPalHttpConnection : DEBUG: Request Headers 	: POST /v1/payments/payment HTTP/1.1, Host: api.sandbox.paypal.com, Accept: */*, Content-Type: application/json, User-Agent: PayPalSDK/PayPal-PHP-SDK 1.11.0 (platform-ver=7.0.15; bit=32; os=Windows_NT_10.0; machine=i586; crypto-lib-ver=1.0.2j; curl=7.51.0), Authorization: Bearer A21AAHngBpvvR4ZffA__gdkM5mi8g8GMmBDQS8p8PXBNMehQqA1NqjJKC8o6TcVp08QAl1gYlJT8aUwhsVAuIxVnySChk99-g, Content-Length: 597, , 
[16-04-2017 11:04:54] PayPal\Core\PayPalHttpConnection : DEBUG: Request Data		: {"intent":"sale","payer":{"payment_method":"paypal"},"redirect_urls":{"return_url":"http://localhost/tuto-paypal-linio/paypal-sdk/success.php?success=true","cancel_url":"http://localhost/tuto-paypal-linio/paypal-sdk/success.php?success=false"},"transactions":[{"amount":{"currency":"USD","total":"7.82","details":{"shipping":"0","tax":"0","subtotal":"7.82"}},"item_list":{"items":[{"name":"Item One","currency":"USD","quantity":"1","sku":"sku01","price":"4.99"},{"name":"Item Two","currency":"USD","quantity":"1","sku":"sku02","price":"2.83"}]},"description":"","invoice_number":"58f3dc740002f"}]}
--------------------------------------------------------------------------------------------------------------------------------

[16-04-2017 11:04:54] PayPal\Core\PayPalHttpConnection : INFO: Response Status 	: 201
[16-04-2017 11:04:54] PayPal\Core\PayPalHttpConnection : DEBUG: Response Headers	: HTTP/1.1 201 Created, Date: Sun, 16 Apr 2017 21:04:57 GMT, Server: Apache, paypal-debug-id: 39c24260a3f13, Content-Language: *, Paypal-Debug-Id: 39c24260a3f13, Set-Cookie: X-PP-SILOVER=name%3DSANDBOX3.API.1%26silo_version%3D1880%26app%3Dplatformapiserv%26TIME%3D2044523352%26HTTP_X_PP_AZ_LOCATOR%3D; Expires=Sun, 16 Apr 2017 21:34:58 GMT; domain=.paypal.com; path=/; Secure; HttpOnly, Set-Cookie: X-PP-SILOVER=; Expires=Thu, 01 Jan 1970 00:00:01 GMT, Vary: Authorization, Content-Length: 929, Connection: close, Content-Type: application/json, , 
[16-04-2017 11:04:54] PayPal\Core\PayPalHttpConnection : DEBUG: Response Data 	: {"id":"PAY-8JL16961WV8450438LDZ5Y6Q","intent":"sale","state":"created","payer":{"payment_method":"paypal"},"transactions":[{"amount":{"total":"7.82","currency":"USD","details":{"subtotal":"7.82","tax":"0.00","shipping":"0.00"}},"description":"","invoice_number":"58f3dc740002f","item_list":{"items":[{"name":"Item One","sku":"sku01","price":"4.99","currency":"USD","quantity":1},{"name":"Item Two","sku":"sku02","price":"2.83","currency":"USD","quantity":1}]},"related_resources":[]}],"create_time":"2017-04-16T21:04:57Z","links":[{"href":"https://api.sandbox.paypal.com/v1/payments/payment/PAY-8JL16961WV8450438LDZ5Y6Q","rel":"self","method":"GET"},{"href":"https://www.sandbox.paypal.com/cgi-bin/webscr?cmd=_express-checkout&token=EC-4HM85449L77249810","rel":"approval_url","method":"REDIRECT"},{"href":"https://api.sandbox.paypal.com/v1/payments/payment/PAY-8JL16961WV8450438LDZ5Y6Q/execute","rel":"execute","method":"POST"}]}

================================================================================================================================

[16-04-2017 11:05:58] PayPal\Core\PayPalHttpConnection : INFO: POST https://api.sandbox.paypal.com/v1/payments/payment
[16-04-2017 11:05:58] PayPal\Core\PayPalHttpConnection : INFO: Invalid or no certificate authority found - Retrying using bundled CA certs file
[16-04-2017 11:06:00] PayPal\Core\PayPalHttpConnection : DEBUG: Request Headers 	: POST /v1/payments/payment HTTP/1.1, Host: api.sandbox.paypal.com, Accept: */*, Content-Type: application/json, User-Agent: PayPalSDK/PayPal-PHP-SDK 1.11.0 (platform-ver=7.0.15; bit=32; os=Windows_NT_10.0; machine=i586; crypto-lib-ver=1.0.2j; curl=7.51.0), Authorization: Bearer A21AAHngBpvvR4ZffA__gdkM5mi8g8GMmBDQS8p8PXBNMehQqA1NqjJKC8o6TcVp08QAl1gYlJT8aUwhsVAuIxVnySChk99-g, Content-Length: 682, , 
[16-04-2017 11:06:00] PayPal\Core\PayPalHttpConnection : DEBUG: Request Data		: {"intent":"sale","payer":{"payment_method":"paypal"},"redirect_urls":{"return_url":"http://localhost/tuto-paypal-linio/paypal-sdk/success.php?success=true","cancel_url":"http://localhost/tuto-paypal-linio/paypal-sdk/success.php?success=false"},"transactions":[{"amount":{"currency":"USD","total":"20.82","details":{"shipping":"0","tax":"0","subtotal":"20.82"}},"item_list":{"items":[{"name":"Item One","currency":"USD","quantity":"1","sku":"sku01","price":"4.99"},{"name":"Item Two","currency":"USD","quantity":"1","sku":"sku02","price":"2.83"},{"name":"Item Five","currency":"USD","quantity":"1","sku":"sku05","price":"13.00"}]},"description":"","invoice_number":"58f3dcb632c72"}]}
--------------------------------------------------------------------------------------------------------------------------------

[16-04-2017 11:06:00] PayPal\Core\PayPalHttpConnection : INFO: Response Status 	: 201
[16-04-2017 11:06:00] PayPal\Core\PayPalHttpConnection : DEBUG: Response Headers	: HTTP/1.1 201 Created, Date: Sun, 16 Apr 2017 21:06:03 GMT, Server: Apache, paypal-debug-id: 2c5f154a10df5, Content-Language: *, Paypal-Debug-Id: 2c5f154a10df5, Set-Cookie: X-PP-SILOVER=name%3DSANDBOX3.API.1%26silo_version%3D1880%26app%3Dplatformapiserv%26TIME%3D3151819608%26HTTP_X_PP_AZ_LOCATOR%3D; Expires=Sun, 16 Apr 2017 21:36:03 GMT; domain=.paypal.com; path=/; Secure; HttpOnly, Set-Cookie: X-PP-SILOVER=; Expires=Thu, 01 Jan 1970 00:00:01 GMT, Vary: Authorization, Content-Length: 1012, Connection: close, Content-Type: application/json, , 
[16-04-2017 11:06:00] PayPal\Core\PayPalHttpConnection : DEBUG: Response Data 	: {"id":"PAY-3VL12927VE022674LLDZ5ZOY","intent":"sale","state":"created","payer":{"payment_method":"paypal"},"transactions":[{"amount":{"total":"20.82","currency":"USD","details":{"subtotal":"20.82","tax":"0.00","shipping":"0.00"}},"description":"","invoice_number":"58f3dcb632c72","item_list":{"items":[{"name":"Item One","sku":"sku01","price":"4.99","currency":"USD","quantity":1},{"name":"Item Two","sku":"sku02","price":"2.83","currency":"USD","quantity":1},{"name":"Item Five","sku":"sku05","price":"13.00","currency":"USD","quantity":1}]},"related_resources":[]}],"create_time":"2017-04-16T21:06:03Z","links":[{"href":"https://api.sandbox.paypal.com/v1/payments/payment/PAY-3VL12927VE022674LLDZ5ZOY","rel":"self","method":"GET"},{"href":"https://www.sandbox.paypal.com/cgi-bin/webscr?cmd=_express-checkout&token=EC-6U843442LT534704J","rel":"approval_url","method":"REDIRECT"},{"href":"https://api.sandbox.paypal.com/v1/payments/payment/PAY-3VL12927VE022674LLDZ5ZOY/execute","rel":"execute","method":"POST"}]}

================================================================================================================================

[16-04-2017 11:26:03] PayPal\Core\PayPalHttpConnection : INFO: POST https://api.paypal.com/v1/payments/payment
[16-04-2017 11:26:04] PayPal\Core\PayPalHttpConnection : INFO: Invalid or no certificate authority found - Retrying using bundled CA certs file
[16-04-2017 11:26:06] PayPal\Core\PayPalHttpConnection : INFO: Response Status 	: 401
[16-04-2017 11:26:06] PayPal\Core\PayPalHttpConnection : ERROR: Got Http response code 401 when accessing https://api.paypal.com/v1/payments/payment. 
[16-04-2017 11:27:55] PayPal\Core\PayPalHttpConnection : INFO: POST https://api.paypal.com/v1/payments/payment
[16-04-2017 11:27:55] PayPal\Core\PayPalHttpConnection : INFO: Invalid or no certificate authority found - Retrying using bundled CA certs file
[16-04-2017 11:27:56] PayPal\Core\PayPalHttpConnection : INFO: Response Status 	: 401
[16-04-2017 11:27:56] PayPal\Core\PayPalHttpConnection : ERROR: Got Http response code 401 when accessing https://api.paypal.com/v1/payments/payment. 
[16-04-2017 11:36:54] PayPal\Core\PayPalHttpConnection : INFO: POST https://api.paypal.com/v1/payments/payment
[16-04-2017 11:36:55] PayPal\Core\PayPalHttpConnection : INFO: Invalid or no certificate authority found - Retrying using bundled CA certs file
[16-04-2017 11:36:56] PayPal\Core\PayPalHttpConnection : INFO: Response Status 	: 401
[16-04-2017 11:36:56] PayPal\Core\PayPalHttpConnection : ERROR: Got Http response code 401 when accessing https://api.paypal.com/v1/payments/payment. 
[17-04-2017 02:34:06] PayPal\Core\PayPalHttpConnection : INFO: POST https://api.paypal.com/v1/oauth2/token
[17-04-2017 02:34:06] PayPal\Core\PayPalHttpConnection : INFO: Invalid or no certificate authority found - Retrying using bundled CA certs file
[17-04-2017 02:34:07] PayPal\Core\PayPalHttpConnection : INFO: Response Status 	: 401
[17-04-2017 02:34:07] PayPal\Core\PayPalHttpConnection : ERROR: Got Http response code 401 when accessing https://api.paypal.com/v1/oauth2/token. {"error":"invalid_client","error_description":"Client Authentication failed"}
[19-04-2017 06:49:10] PayPal\Core\PayPalHttpConnection : INFO: POST https://api.sandbox.paypal.com/v1/oauth2/token
[19-04-2017 06:49:10] PayPal\Core\PayPalHttpConnection : INFO: Invalid or no certificate authority found - Retrying using bundled CA certs file
[19-04-2017 06:49:11] PayPal\Core\PayPalHttpConnection : DEBUG: Request Headers 	: POST /v1/oauth2/token HTTP/1.1, Host: api.sandbox.paypal.com, User-Agent: PayPalSDK/PayPal-PHP-SDK 1.11.0 (platform-ver=7.0.15; bit=32; os=Windows_NT_10.0; machine=i586; crypto-lib-ver=1.0.2j; curl=7.51.0), Authorization: Basic QVdJcEl6ZUxxOWVSbXdESjM1aF85c19ZcVMwaVpUS0ZRVnlZSjU5VE5keE4tSTliRkZ0b1pEQTRSdENPcVlXa3NhcTdCSGFqRWlaRWZ2UWY6RUhraFZVeUc3RzhxdnVmUzJfQjRYUXJPaFlJUTh1b1hnQ2V2NDhaQ29EX0tZZzlSMW5Ra2w3cDJFSVlmXy1vZW54ZjdMSlF4anpxdGhLLTA=, Accept: */*, Content-Length: 29, Content-Type: application/x-www-form-urlencoded, , 
[19-04-2017 06:49:11] PayPal\Core\PayPalHttpConnection : DEBUG: Request Data		: grant_type=client_credentials
--------------------------------------------------------------------------------------------------------------------------------

[19-04-2017 06:49:11] PayPal\Core\PayPalHttpConnection : INFO: Response Status 	: 200
[19-04-2017 06:49:11] PayPal\Core\PayPalHttpConnection : DEBUG: Response Headers	: HTTP/1.1 200 OK, Date: Wed, 19 Apr 2017 04:49:23 GMT, Server: Apache, paypal-debug-id: 64afb46949eb, X-PAYPAL-TOKEN-SERVICE: IAAS, Paypal-Debug-Id: 64afb46949eb, Set-Cookie: X-PP-SILOVER=name%3DSANDBOX3.API.1%26silo_version%3D1880%26app%3Dplatformapiserv%26TIME%3D1408038488%26HTTP_X_PP_AZ_LOCATOR%3D; Expires=Wed, 19 Apr 2017 05:19:23 GMT; domain=.paypal.com; path=/; Secure; HttpOnly, Set-Cookie: X-PP-SILOVER=; Expires=Thu, 01 Jan 1970 00:00:01 GMT, Vary: Authorization, Content-Length: 550, Connection: close, Content-Type: application/json, , 
[19-04-2017 06:49:11] PayPal\Core\PayPalHttpConnection : DEBUG: Response Data 	: {"scope":"https://uri.paypal.com/services/subscriptions https://api.paypal.com/v1/payments/.* https://api.paypal.com/v1/vault/credit-card https://uri.paypal.com/services/applications/webhooks openid https://uri.paypal.com/payments/payouts https://api.paypal.com/v1/vault/credit-card/.*","nonce":"2017-04-19T04:49:23ZbTsie0LWxDvWS0Md699iqhg_fsUPGggCkgzF2Xaiqlw","access_token":"A21AAHW_hJ9oPwFcLycj1MzncC2ukftxICL91k-01v8uesct9_aAUW1ReUne3RZUGe29m-MGw6aOw48eG3SF05f8ee1bhDxBg","token_type":"Bearer","app_id":"APP-80W284485P519543T","expires_in":32400}

================================================================================================================================

[19-04-2017 06:49:11] PayPal\Core\PayPalHttpConnection : INFO: POST https://api.sandbox.paypal.com/v1/payments/payment
[19-04-2017 06:49:12] PayPal\Core\PayPalHttpConnection : INFO: Invalid or no certificate authority found - Retrying using bundled CA certs file
[19-04-2017 06:49:13] PayPal\Core\PayPalHttpConnection : DEBUG: Request Headers 	: POST /v1/payments/payment HTTP/1.1, Host: api.sandbox.paypal.com, Accept: */*, Content-Type: application/json, User-Agent: PayPalSDK/PayPal-PHP-SDK 1.11.0 (platform-ver=7.0.15; bit=32; os=Windows_NT_10.0; machine=i586; crypto-lib-ver=1.0.2j; curl=7.51.0), Authorization: Bearer A21AAHW_hJ9oPwFcLycj1MzncC2ukftxICL91k-01v8uesct9_aAUW1ReUne3RZUGe29m-MGw6aOw48eG3SF05f8ee1bhDxBg, Content-Length: 516, , 
[19-04-2017 06:49:13] PayPal\Core\PayPalHttpConnection : DEBUG: Request Data		: {"intent":"sale","payer":{"payment_method":"paypal"},"redirect_urls":{"return_url":"http://localhost/tuto-paypal-linio/paypal-sdk/success.php?success=true","cancel_url":"http://localhost/tuto-paypal-linio/paypal-sdk/success.php?success=false"},"transactions":[{"amount":{"currency":"USD","total":"9.98","details":{"shipping":"0","tax":"0","subtotal":"9.98"}},"item_list":{"items":[{"name":"Item One","currency":"USD","quantity":"2","sku":"sku01","price":"9.98"}]},"description":"","invoice_number":"58f6ec46065d3"}]}
--------------------------------------------------------------------------------------------------------------------------------

[19-04-2017 06:49:13] PayPal\Core\PayPalHttpConnection : INFO: Response Status 	: 400
[19-04-2017 06:49:13] PayPal\Core\PayPalHttpConnection : DEBUG: Response Headers	: HTTP/1.1 400 Bad Request, Date: Wed, 19 Apr 2017 04:49:24 GMT, Server: Apache, paypal-debug-id: 9404b0bf76503, Content-Language: *, Connection: close, Paypal-Debug-Id: 9404b0bf76503, Set-Cookie: X-PP-SILOVER=name%3DSANDBOX3.API.1%26silo_version%3D1880%26app%3Dplatformapiserv%26TIME%3D1424815704%26HTTP_X_PP_AZ_LOCATOR%3D; Expires=Wed, 19 Apr 2017 05:19:24 GMT; domain=.paypal.com; path=/; Secure; HttpOnly, Set-Cookie: X-PP-SILOVER=; Expires=Thu, 01 Jan 1970 00:00:01 GMT, Vary: Authorization, Content-Length: 318, Content-Type: application/json, , 
[19-04-2017 06:49:13] PayPal\Core\PayPalHttpConnection : ERROR: Got Http response code 400 when accessing https://api.sandbox.paypal.com/v1/payments/payment. {"name":"VALIDATION_ERROR","details":[{"field":"transactions[0]","issue":"Item amount must add up to specified amount subtotal (or total if amount details not specified)"}],"message":"Invalid request - see details","information_link":"https://developer.paypal.com/docs/api/payments/#errors","debug_id":"9404b0bf76503"}
[19-04-2017 06:49:13] PayPal\Core\PayPalHttpConnection : DEBUG: 

================================================================================================================================

[19-04-2017 06:52:13] PayPal\Core\PayPalHttpConnection : INFO: POST https://api.sandbox.paypal.com/v1/payments/payment
[19-04-2017 06:52:13] PayPal\Core\PayPalHttpConnection : INFO: Invalid or no certificate authority found - Retrying using bundled CA certs file
[19-04-2017 06:52:14] PayPal\Core\PayPalHttpConnection : DEBUG: Request Headers 	: POST /v1/payments/payment HTTP/1.1, Host: api.sandbox.paypal.com, Accept: */*, Content-Type: application/json, User-Agent: PayPalSDK/PayPal-PHP-SDK 1.11.0 (platform-ver=7.0.15; bit=32; os=Windows_NT_10.0; machine=i586; crypto-lib-ver=1.0.2j; curl=7.51.0), Authorization: Bearer A21AAHW_hJ9oPwFcLycj1MzncC2ukftxICL91k-01v8uesct9_aAUW1ReUne3RZUGe29m-MGw6aOw48eG3SF05f8ee1bhDxBg, Content-Length: 516, , 
[19-04-2017 06:52:14] PayPal\Core\PayPalHttpConnection : DEBUG: Request Data		: {"intent":"sale","payer":{"payment_method":"paypal"},"redirect_urls":{"return_url":"http://localhost/tuto-paypal-linio/paypal-sdk/success.php?success=true","cancel_url":"http://localhost/tuto-paypal-linio/paypal-sdk/success.php?success=false"},"transactions":[{"amount":{"currency":"USD","total":"9.98","details":{"shipping":"0","tax":"0","subtotal":"9.98"}},"item_list":{"items":[{"name":"Item One","currency":"USD","quantity":"2","sku":"sku01","price":"9.98"}]},"description":"","invoice_number":"58f6ecfd01b21"}]}
--------------------------------------------------------------------------------------------------------------------------------

[19-04-2017 06:52:14] PayPal\Core\PayPalHttpConnection : INFO: Response Status 	: 400
[19-04-2017 06:52:14] PayPal\Core\PayPalHttpConnection : DEBUG: Response Headers	: HTTP/1.1 400 Bad Request, Date: Wed, 19 Apr 2017 04:52:26 GMT, Server: Apache, paypal-debug-id: 2ce0ce004bc55, Content-Language: *, Connection: close, Paypal-Debug-Id: 2ce0ce004bc55, Set-Cookie: X-PP-SILOVER=name%3DSANDBOX3.API.1%26silo_version%3D1880%26app%3Dplatformapiserv%26TIME%3D183367256%26HTTP_X_PP_AZ_LOCATOR%3D; Expires=Wed, 19 Apr 2017 05:22:26 GMT; domain=.paypal.com; path=/; Secure; HttpOnly, Set-Cookie: X-PP-SILOVER=; Expires=Thu, 01 Jan 1970 00:00:01 GMT, Vary: Authorization, Content-Length: 318, Content-Type: application/json, , 
[19-04-2017 06:52:14] PayPal\Core\PayPalHttpConnection : ERROR: Got Http response code 400 when accessing https://api.sandbox.paypal.com/v1/payments/payment. {"name":"VALIDATION_ERROR","details":[{"field":"transactions[0]","issue":"Item amount must add up to specified amount subtotal (or total if amount details not specified)"}],"message":"Invalid request - see details","information_link":"https://developer.paypal.com/docs/api/payments/#errors","debug_id":"2ce0ce004bc55"}
[19-04-2017 06:52:14] PayPal\Core\PayPalHttpConnection : DEBUG: 

================================================================================================================================

[19-04-2017 06:56:29] PayPal\Core\PayPalHttpConnection : INFO: POST https://api.sandbox.paypal.com/v1/payments/payment
[19-04-2017 06:56:30] PayPal\Core\PayPalHttpConnection : INFO: Invalid or no certificate authority found - Retrying using bundled CA certs file
[19-04-2017 06:56:32] PayPal\Core\PayPalHttpConnection : DEBUG: Request Headers 	: POST /v1/payments/payment HTTP/1.1, Host: api.sandbox.paypal.com, Accept: */*, Content-Type: application/json, User-Agent: PayPalSDK/PayPal-PHP-SDK 1.11.0 (platform-ver=7.0.15; bit=32; os=Windows_NT_10.0; machine=i586; crypto-lib-ver=1.0.2j; curl=7.51.0), Authorization: Bearer A21AAHW_hJ9oPwFcLycj1MzncC2ukftxICL91k-01v8uesct9_aAUW1ReUne3RZUGe29m-MGw6aOw48eG3SF05f8ee1bhDxBg, Content-Length: 516, , 
[19-04-2017 06:56:32] PayPal\Core\PayPalHttpConnection : DEBUG: Request Data		: {"intent":"sale","payer":{"payment_method":"paypal"},"redirect_urls":{"return_url":"http://localhost/tuto-paypal-linio/paypal-sdk/success.php?success=true","cancel_url":"http://localhost/tuto-paypal-linio/paypal-sdk/success.php?success=false"},"transactions":[{"amount":{"currency":"USD","total":"4.99","details":{"shipping":"0","tax":"0","subtotal":"4.99"}},"item_list":{"items":[{"name":"Item One","currency":"USD","quantity":"1","sku":"sku01","price":"4.99"}]},"description":"","invoice_number":"58f6edfdb1d9b"}]}
--------------------------------------------------------------------------------------------------------------------------------

[19-04-2017 06:56:32] PayPal\Core\PayPalHttpConnection : INFO: Response Status 	: 201
[19-04-2017 06:56:32] PayPal\Core\PayPalHttpConnection : DEBUG: Response Headers	: HTTP/1.1 201 Created, Date: Wed, 19 Apr 2017 04:56:43 GMT, Server: Apache, paypal-debug-id: f505f8113863f, Content-Language: *, Paypal-Debug-Id: f505f8113863f, Set-Cookie: X-PP-SILOVER=name%3DSANDBOX3.API.1%26silo_version%3D1880%26app%3Dplatformapiserv%26TIME%3D200210008%26HTTP_X_PP_AZ_LOCATOR%3D; Expires=Wed, 19 Apr 2017 05:26:43 GMT; domain=.paypal.com; path=/; Secure; HttpOnly, Set-Cookie: X-PP-SILOVER=; Expires=Thu, 01 Jan 1970 00:00:01 GMT, Vary: Authorization, Content-Length: 850, Connection: close, Content-Type: application/json, , 
[19-04-2017 06:56:32] PayPal\Core\PayPalHttpConnection : DEBUG: Response Data 	: {"id":"PAY-3TW52280E23706417LD3O4CY","intent":"sale","state":"created","payer":{"payment_method":"paypal"},"transactions":[{"amount":{"total":"4.99","currency":"USD","details":{"subtotal":"4.99","tax":"0.00","shipping":"0.00"}},"description":"","invoice_number":"58f6edfdb1d9b","item_list":{"items":[{"name":"Item One","sku":"sku01","price":"4.99","currency":"USD","quantity":1}]},"related_resources":[]}],"create_time":"2017-04-19T04:56:43Z","links":[{"href":"https://api.sandbox.paypal.com/v1/payments/payment/PAY-3TW52280E23706417LD3O4CY","rel":"self","method":"GET"},{"href":"https://www.sandbox.paypal.com/cgi-bin/webscr?cmd=_express-checkout&token=EC-41S023984B7299446","rel":"approval_url","method":"REDIRECT"},{"href":"https://api.sandbox.paypal.com/v1/payments/payment/PAY-3TW52280E23706417LD3O4CY/execute","rel":"execute","method":"POST"}]}

================================================================================================================================

[19-04-2017 06:58:21] PayPal\Core\PayPalHttpConnection : INFO: POST https://api.sandbox.paypal.com/v1/payments/payment
[19-04-2017 06:58:22] PayPal\Core\PayPalHttpConnection : INFO: Invalid or no certificate authority found - Retrying using bundled CA certs file
[19-04-2017 06:58:24] PayPal\Core\PayPalHttpConnection : DEBUG: Request Headers 	: POST /v1/payments/payment HTTP/1.1, Host: api.sandbox.paypal.com, Accept: */*, Content-Type: application/json, User-Agent: PayPalSDK/PayPal-PHP-SDK 1.11.0 (platform-ver=7.0.15; bit=32; os=Windows_NT_10.0; machine=i586; crypto-lib-ver=1.0.2j; curl=7.51.0), Authorization: Bearer A21AAHW_hJ9oPwFcLycj1MzncC2ukftxICL91k-01v8uesct9_aAUW1ReUne3RZUGe29m-MGw6aOw48eG3SF05f8ee1bhDxBg, Content-Length: 516, , 
[19-04-2017 06:58:24] PayPal\Core\PayPalHttpConnection : DEBUG: Request Data		: {"intent":"sale","payer":{"payment_method":"paypal"},"redirect_urls":{"return_url":"http://localhost/tuto-paypal-linio/paypal-sdk/success.php?success=true","cancel_url":"http://localhost/tuto-paypal-linio/paypal-sdk/success.php?success=false"},"transactions":[{"amount":{"currency":"USD","total":"9.98","details":{"shipping":"0","tax":"0","subtotal":"9.98"}},"item_list":{"items":[{"name":"Item One","currency":"USD","quantity":"2","sku":"sku01","price":"9.98"}]},"description":"","invoice_number":"58f6ee6dd6f9d"}]}
--------------------------------------------------------------------------------------------------------------------------------

[19-04-2017 06:58:24] PayPal\Core\PayPalHttpConnection : INFO: Response Status 	: 400
[19-04-2017 06:58:24] PayPal\Core\PayPalHttpConnection : DEBUG: Response Headers	: HTTP/1.1 400 Bad Request, Date: Wed, 19 Apr 2017 04:58:35 GMT, Server: Apache, paypal-debug-id: 94e8896d3ce5f, Content-Language: *, Connection: close, Paypal-Debug-Id: 94e8896d3ce5f, Set-Cookie: X-PP-SILOVER=name%3DSANDBOX3.API.1%26silo_version%3D1880%26app%3Dplatformapiserv%26TIME%3D2079258200%26HTTP_X_PP_AZ_LOCATOR%3D; Expires=Wed, 19 Apr 2017 05:28:35 GMT; domain=.paypal.com; path=/; Secure; HttpOnly, Set-Cookie: X-PP-SILOVER=; Expires=Thu, 01 Jan 1970 00:00:01 GMT, Vary: Authorization, Content-Length: 318, Content-Type: application/json, , 
[19-04-2017 06:58:24] PayPal\Core\PayPalHttpConnection : ERROR: Got Http response code 400 when accessing https://api.sandbox.paypal.com/v1/payments/payment. {"name":"VALIDATION_ERROR","details":[{"field":"transactions[0]","issue":"Item amount must add up to specified amount subtotal (or total if amount details not specified)"}],"message":"Invalid request - see details","information_link":"https://developer.paypal.com/docs/api/payments/#errors","debug_id":"94e8896d3ce5f"}
[19-04-2017 06:58:24] PayPal\Core\PayPalHttpConnection : DEBUG: 

================================================================================================================================

